{"timestamp":"2026-06-27T17:02:51.704163+00:00","action":"scan","resource_id":"all","actor":"system","result":"started","details":"FinOps Auditor scan initiated"}
{"timestamp":"2026-06-27T17:02:51.750987+00:00","action":"scan","resource_id":"all","actor":"system","result":"success","details":"FinOps found 2 finding(s)"}
{"timestamp":"2026-06-27T17:02:51.757994+00:00","action":"scan","resource_id":"all","actor":"system","result":"started","details":"SecOps Guard scan initiated"}
{"timestamp":"2026-06-27T17:02:51.836774+00:00","action":"scan","resource_id":"all","actor":"system","result":"success","details":"SecOps found 4 finding(s)"}
{"timestamp":"2026-06-27T17:02:51.870774+00:00","action":"plan","resource_id":"all","actor":"system","result":"started","details":"Remediation Architect planning"}
{"timestamp":"2026-06-27T17:02:51.930969+00:00","action":"plan","resource_id":"sg-prod-redis","actor":"system","result":"blocked","details":"BLOCKED: Resource sg-prod-redis has 1 dependent(s): cache-prod-legacy. Manual review required before remediation."}
{"timestamp":"2026-06-27T17:02:51.931988+00:00","action":"plan","resource_id":"all","actor":"system","result":"success","details":"Generated 5 plan(s), 1 blocked"}
{"timestamp":"2026-06-27T17:02:52.046952+00:00","action":"plan","resource_id":"all","actor":"system","result":"blocked","details":"Pre-remediation hook failed: Pre-remediation hook failed: W\u0000i\u0000n\u0000d\u0000o\u0000w\u0000s\u0000 \u0000S\u0000u\u0000b\u0000s\u0000y\u0000s\u0000t\u0000e\u0000m\u0000 \u0000f\u0000o\u0000r\u0000 \u0000L\u0000i\u0000n\u0000u\u0000x\u0000 \u0000h\u0000a\u0000s\u0000 \u0000n\u0000o\u0000 \u0000i\u0000n\u0000s\u0000t\u0000a\u0000l\u0000l\u0000e\u0000d\u0000 \u0000d\u0000i\u0000s\u0000t\u0000r\u0000i\u0000b\u0000u\u0000t\u0000i\u0000o\u0000n\u0000s\u0000.\u0000\n\u0000\n\u0000Y\u0000o\u0000u\u0000 \u0000c\u0000a\u0000n\u0000 \u0000r\u0000e\u0000s\u0000o\u0000l\u0000v\u0000e\u0000 \u0000t\u0000h\u0000i\u0000s\u0000 \u0000b\u0000y\u0000 \u0000i\u0000n\u0000s\u0000t\u0000a\u0000l\u0000l\u0000i\u0000n\u0000g\u0000 \u0000a\u0000 \u0000d\u0000i\u0000s\u0000t\u0000r\u0000i\u0000b\u0000u\u0000t\u0000i\u0000o\u0000n\u0000 \u0000w\u0000i\u0000t\u0000h\u0000 \u0000t\u0000h\u0000e\u0000 \u0000i\u0000n\u0000s\u0000t\u0000r\u0000u\u0000c\u0000t\u0000i\u0000o\u0000n\u0000s\u0000 \u0000b\u0000e\u0000l\u0000o\u0000w\u0000:\u0000\n\u0000\n\u0000\n\u0000\n\u0000U\u0000s\u0000e\u0000 \u0000'\u0000w\u0000s\u0000l\u0000.\u0000e\u0000x\u0000e\u0000 \u0000-\u0000-\u0000l\u0000i\u0000s\u0000t\u0000 \u0000-\u0000-\u0000o\u0000n\u0000l\u0000i\u0000n\u0000e\u0000'\u0000 \u0000t\u0000o\u0000 \u0000l\u0000i\u0000s\u0000t\u0000 \u0000a\u0000v\u0000a\u0000i\u0000l\u0000a\u0000b\u0000l\u0000e\u0000 \u0000d\u0000i\u0000s\u0000t\u0000r\u0000i\u0000b\u0000u\u0000t\u0000i\u0000o\u0000n\u0000s\u0000\n\u0000\n\u0000a\u0000n\u0000d\u0000 \u0000'\u0000w\u0000s\u0000l\u0000.\u0000e\u0000x\u0000e\u0000 \u0000-\u0000-\u0000i\u0000n\u0000s\u0000t\u0000a\u0000l\u0000l\u0000 \u0000<\u0000D\u0000i\u0000s\u0000t\u0000r\u0000o\u0000>\u0000'\u0000 \u0000t\u0000o\u0000 \u0000i\u0000n\u0000s\u0000t\u0000a\u0000l\u0000l\u0000.\u0000\n\u0000\n\u0000"}
{"timestamp":"2026-06-27T17:06:06.966118+00:00","action":"scan","resource_id":"all","actor":"system","result":"started","details":"FinOps Auditor scan initiated"}
{"timestamp":"2026-06-27T17:06:06.981152+00:00","action":"scan","resource_id":"all","actor":"system","result":"success","details":"FinOps found 2 finding(s)"}
{"timestamp":"2026-06-27T17:06:06.986137+00:00","action":"scan","resource_id":"all","actor":"system","result":"started","details":"SecOps Guard scan initiated"}
{"timestamp":"2026-06-27T17:06:07.038132+00:00","action":"scan","resource_id":"all","actor":"system","result":"success","details":"SecOps found 4 finding(s)"}
{"timestamp":"2026-06-27T17:06:07.063695+00:00","action":"plan","resource_id":"all","actor":"system","result":"started","details":"Remediation Architect planning"}
{"timestamp":"2026-06-27T17:06:07.107235+00:00","action":"plan","resource_id":"sg-prod-redis","actor":"system","result":"blocked","details":"BLOCKED: Resource sg-prod-redis has 1 dependent(s): cache-prod-legacy. Manual review required before remediation."}
{"timestamp":"2026-06-27T17:06:07.108238+00:00","action":"plan","resource_id":"all","actor":"system","result":"success","details":"Generated 5 plan(s), 1 blocked"}
{"timestamp":"2026-06-27T17:06:07.177172+00:00","action":"plan","resource_id":"all","actor":"system","result":"blocked","details":"Pre-remediation hook failed: Pre-remediation hook failed: W\u0000i\u0000n\u0000d\u0000o\u0000w\u0000s\u0000 \u0000S\u0000u\u0000b\u0000s\u0000y\u0000s\u0000t\u0000e\u0000m\u0000 \u0000f\u0000o\u0000r\u0000 \u0000L\u0000i\u0000n\u0000u\u0000x\u0000 \u0000h\u0000a\u0000s\u0000 \u0000n\u0000o\u0000 \u0000i\u0000n\u0000s\u0000t\u0000a\u0000l\u0000l\u0000e\u0000d\u0000 \u0000d\u0000i\u0000s\u0000t\u0000r\u0000i\u0000b\u0000u\u0000t\u0000i\u0000o\u0000n\u0000s\u0000.\u0000\n\u0000\n\u0000Y\u0000o\u0000u\u0000 \u0000c\u0000a\u0000n\u0000 \u0000r\u0000e\u0000s\u0000o\u0000l\u0000v\u0000e\u0000 \u0000t\u0000h\u0000i\u0000s\u0000 \u0000b\u0000y\u0000 \u0000i\u0000n\u0000s\u0000t\u0000a\u0000l\u0000l\u0000i\u0000n\u0000g\u0000 \u0000a\u0000 \u0000d\u0000i\u0000s\u0000t\u0000r\u0000i\u0000b\u0000u\u0000t\u0000i\u0000o\u0000n\u0000 \u0000w\u0000i\u0000t\u0000h\u0000 \u0000t\u0000h\u0000e\u0000 \u0000i\u0000n\u0000s\u0000t\u0000r\u0000u\u0000c\u0000t\u0000i\u0000o\u0000n\u0000s\u0000 \u0000b\u0000e\u0000l\u0000o\u0000w\u0000:\u0000\n\u0000\n\u0000\n\u0000\n\u0000U\u0000s\u0000e\u0000 \u0000'\u0000w\u0000s\u0000l\u0000.\u0000e\u0000x\u0000e\u0000 \u0000-\u0000-\u0000l\u0000i\u0000s\u0000t\u0000 \u0000-\u0000-\u0000o\u0000n\u0000l\u0000i\u0000n\u0000e\u0000'\u0000 \u0000t\u0000o\u0000 \u0000l\u0000i\u0000s\u0000t\u0000 \u0000a\u0000v\u0000a\u0000i\u0000l\u0000a\u0000b\u0000l\u0000e\u0000 \u0000d\u0000i\u0000s\u0000t\u0000r\u0000i\u0000b\u0000u\u0000t\u0000i\u0000o\u0000n\u0000s\u0000\n\u0000\n\u0000a\u0000n\u0000d\u0000 \u0000'\u0000w\u0000s\u0000l\u0000.\u0000e\u0000x\u0000e\u0000 \u0000-\u0000-\u0000i\u0000n\u0000s\u0000t\u0000a\u0000l\u0000l\u0000 \u0000<\u0000D\u0000i\u0000s\u0000t\u0000r\u0000o\u0000>\u0000'\u0000 \u0000t\u0000o\u0000 \u0000i\u0000n\u0000s\u0000t\u0000a\u0000l\u0000l\u0000.\u0000\n\u0000\n\u0000"}
{"timestamp":"2026-06-28T04:07:44.533666+00:00","action":"scan","resource_id":"all","actor":"system","result":"started","details":"FinOps Auditor scan initiated"}
{"timestamp":"2026-06-28T04:07:44.541692+00:00","action":"scan","resource_id":"all","actor":"system","result":"success","details":"FinOps found 2 finding(s)"}
{"timestamp":"2026-06-28T04:07:44.543934+00:00","action":"scan","resource_id":"all","actor":"system","result":"started","details":"SecOps Guard scan initiated"}
{"timestamp":"2026-06-28T04:07:44.563652+00:00","action":"scan","resource_id":"all","actor":"system","result":"success","details":"SecOps found 4 finding(s)"}
{"timestamp":"2026-06-28T04:07:44.573632+00:00","action":"plan","resource_id":"all","actor":"system","result":"started","details":"Remediation Architect planning"}
{"timestamp":"2026-06-28T04:07:44.589605+00:00","action":"plan","resource_id":"sg-prod-redis","actor":"system","result":"blocked","details":"BLOCKED: Resource sg-prod-redis has 1 dependent(s): cache-prod-legacy. Manual review required before remediation."}
{"timestamp":"2026-06-28T04:07:44.589605+00:00","action":"plan","resource_id":"all","actor":"system","result":"success","details":"Generated 5 plan(s), 1 blocked"}
{"timestamp":"2026-06-28T04:07:44.692674+00:00","action":"plan","resource_id":"all","actor":"system","result":"blocked","details":"Pre-remediation hook failed: Pre-remediation hook failed: <3>WSL (414 - Relay) ERROR: CreateProcessCommon:800: execvpe(/bin/bash) failed: No such file or directory"}
{"timestamp":"2026-06-28T04:13:57.040558+00:00","action":"scan","resource_id":"all","actor":"system","result":"started","details":"FinOps Auditor scan initiated"}
{"timestamp":"2026-06-28T04:13:57.057014+00:00","action":"scan","resource_id":"all","actor":"system","result":"success","details":"FinOps found 2 finding(s)"}
{"timestamp":"2026-06-28T04:13:57.060083+00:00","action":"scan","resource_id":"all","actor":"system","result":"started","details":"SecOps Guard scan initiated"}
{"timestamp":"2026-06-28T04:13:57.102275+00:00","action":"scan","resource_id":"all","actor":"system","result":"success","details":"SecOps found 4 finding(s)"}
{"timestamp":"2026-06-28T04:13:57.125411+00:00","action":"plan","resource_id":"all","actor":"system","result":"started","details":"Remediation Architect planning"}
{"timestamp":"2026-06-28T04:13:57.170343+00:00","action":"plan","resource_id":"sg-prod-redis","actor":"system","result":"blocked","details":"BLOCKED: Resource sg-prod-redis has 1 dependent(s): cache-prod-legacy. Manual review required before remediation."}
{"timestamp":"2026-06-28T04:13:57.171340+00:00","action":"plan","resource_id":"all","actor":"system","result":"success","details":"Generated 5 plan(s), 1 blocked"}
{"timestamp":"2026-06-28T04:13:57.191306+00:00","action":"plan","resource_id":"all","actor":"system","result":"blocked","details":"Pre-remediation hook failed: Pre-remediation hook failed: tflocal not found \u2014 install terraform-local"}
